<?xml version="1.0" encoding="UTF-8"?>
<testsuite name="com.sahaj.SnakeAndLadderApplication.service.StatsServiceTest" tests="1" skipped="0" failures="0" errors="0" timestamp="2022-01-07T21:29:01" hostname="IN1WXL-522461" time="0.114">
  <properties/>
  <testcase name="testMaxRollDice()" classname="com.sahaj.SnakeAndLadderApplication.service.StatsServiceTest" time="0.114"/>
  <system-out><![CDATA[02:58:58.076 [Test worker] DEBUG org.springframework.test.context.BootstrapUtils - Instantiating CacheAwareContextLoaderDelegate from class [org.springframework.test.context.cache.DefaultCacheAwareContextLoaderDelegate]
02:58:58.099 [Test worker] DEBUG org.springframework.test.context.BootstrapUtils - Instantiating BootstrapContext using constructor [public org.springframework.test.context.support.DefaultBootstrapContext(java.lang.Class,org.springframework.test.context.CacheAwareContextLoaderDelegate)]
02:58:58.140 [Test worker] DEBUG org.springframework.test.context.BootstrapUtils - Instantiating TestContextBootstrapper for test class [com.sahaj.SnakeAndLadderApplication.service.StatsServiceTest] from class [org.springframework.boot.test.context.SpringBootTestContextBootstrapper]
02:58:58.171 [Test worker] INFO org.springframework.boot.test.context.SpringBootTestContextBootstrapper - Neither @ContextConfiguration nor @ContextHierarchy found for test class [com.sahaj.SnakeAndLadderApplication.service.StatsServiceTest], using SpringBootContextLoader
02:58:58.180 [Test worker] DEBUG org.springframework.test.context.support.AbstractContextLoader - Did not detect default resource location for test class [com.sahaj.SnakeAndLadderApplication.service.StatsServiceTest]: class path resource [com/sahaj/SnakeAndLadderApplication/service/StatsServiceTest-context.xml] does not exist
02:58:58.182 [Test worker] DEBUG org.springframework.test.context.support.AbstractContextLoader - Did not detect default resource location for test class [com.sahaj.SnakeAndLadderApplication.service.StatsServiceTest]: class path resource [com/sahaj/SnakeAndLadderApplication/service/StatsServiceTestContext.groovy] does not exist
02:58:58.182 [Test worker] INFO org.springframework.test.context.support.AbstractContextLoader - Could not detect default resource locations for test class [com.sahaj.SnakeAndLadderApplication.service.StatsServiceTest]: no resource found for suffixes {-context.xml, Context.groovy}.
02:58:58.303 [Test worker] DEBUG org.springframework.test.context.support.ActiveProfilesUtils - Could not find an 'annotation declaring class' for annotation type [org.springframework.test.context.ActiveProfiles] and class [com.sahaj.SnakeAndLadderApplication.service.StatsServiceTest]
02:58:58.575 [Test worker] DEBUG org.springframework.boot.test.context.SpringBootTestContextBootstrapper - @TestExecutionListeners is not present for class [com.sahaj.SnakeAndLadderApplication.service.StatsServiceTest]: using defaults.
02:58:58.577 [Test worker] INFO org.springframework.boot.test.context.SpringBootTestContextBootstrapper - Loaded default TestExecutionListener class names from location [META-INF/spring.factories]: [org.springframework.boot.test.autoconfigure.restdocs.RestDocsTestExecutionListener, org.springframework.boot.test.autoconfigure.web.client.MockRestServiceServerResetTestExecutionListener, org.springframework.boot.test.autoconfigure.web.servlet.MockMvcPrintOnlyOnFailureTestExecutionListener, org.springframework.boot.test.autoconfigure.web.servlet.WebDriverTestExecutionListener, org.springframework.boot.test.autoconfigure.webservices.client.MockWebServiceServerTestExecutionListener, org.springframework.boot.test.mock.mockito.MockitoTestExecutionListener, org.springframework.boot.test.mock.mockito.ResetMocksTestExecutionListener, org.springframework.test.context.web.ServletTestExecutionListener, org.springframework.test.context.support.DirtiesContextBeforeModesTestExecutionListener, org.springframework.test.context.event.ApplicationEventsTestExecutionListener, org.springframework.test.context.support.DependencyInjectionTestExecutionListener, org.springframework.test.context.support.DirtiesContextTestExecutionListener, org.springframework.test.context.transaction.TransactionalTestExecutionListener, org.springframework.test.context.jdbc.SqlScriptsTestExecutionListener, org.springframework.test.context.event.EventPublishingTestExecutionListener]
02:58:58.598 [Test worker] DEBUG org.springframework.boot.test.context.SpringBootTestContextBootstrapper - Skipping candidate TestExecutionListener [org.springframework.test.context.web.ServletTestExecutionListener] due to a missing dependency. Specify custom listener classes or make the default listener classes and their required dependencies available. Offending class: [javax/servlet/ServletContext]
02:58:58.602 [Test worker] DEBUG org.springframework.boot.test.context.SpringBootTestContextBootstrapper - Skipping candidate TestExecutionListener [org.springframework.test.context.transaction.TransactionalTestExecutionListener] due to a missing dependency. Specify custom listener classes or make the default listener classes and their required dependencies available. Offending class: [org/springframework/transaction/TransactionDefinition]
02:58:58.603 [Test worker] DEBUG org.springframework.boot.test.context.SpringBootTestContextBootstrapper - Skipping candidate TestExecutionListener [org.springframework.test.context.jdbc.SqlScriptsTestExecutionListener] due to a missing dependency. Specify custom listener classes or make the default listener classes and their required dependencies available. Offending class: [org/springframework/transaction/interceptor/TransactionAttribute]
02:58:58.604 [Test worker] INFO org.springframework.boot.test.context.SpringBootTestContextBootstrapper - Using TestExecutionListeners: [org.springframework.test.context.support.DirtiesContextBeforeModesTestExecutionListener@ecf9049, org.springframework.test.context.event.ApplicationEventsTestExecutionListener@672f11c2, org.springframework.boot.test.mock.mockito.MockitoTestExecutionListener@2970a5bc, org.springframework.boot.test.autoconfigure.SpringBootDependencyInjectionTestExecutionListener@50305a, org.springframework.test.context.support.DirtiesContextTestExecutionListener@72efb5c1, org.springframework.test.context.event.EventPublishingTestExecutionListener@6d511b5f, org.springframework.boot.test.autoconfigure.restdocs.RestDocsTestExecutionListener@41200e0c, org.springframework.boot.test.autoconfigure.web.client.MockRestServiceServerResetTestExecutionListener@40f33492, org.springframework.boot.test.autoconfigure.web.servlet.MockMvcPrintOnlyOnFailureTestExecutionListener@4fbdc0f0, org.springframework.boot.test.autoconfigure.web.servlet.WebDriverTestExecutionListener@2ad3a1bb, org.springframework.boot.test.autoconfigure.webservices.client.MockWebServiceServerTestExecutionListener@6bc28a83, org.springframework.boot.test.mock.mockito.ResetMocksTestExecutionListener@324c64cd]
02:58:59.743 [Test worker] DEBUG org.springframework.test.context.support.DependencyInjectionTestExecutionListener - Performing dependency injection for test context [[DefaultTestContext@642505c7 testClass = StatsServiceTest, testInstance = com.sahaj.SnakeAndLadderApplication.service.StatsServiceTest@4339e0de, testMethod = [null], testException = [null], mergedContextConfiguration = [MergedContextConfiguration@153cd6bb testClass = StatsServiceTest, locations = '{}', classes = '{class com.sahaj.SnakeAndLadderApplication.config.SnakeAndLadderApplicationConfiguration}', contextInitializerClasses = '[]', activeProfiles = '{}', propertySourceLocations = '{}', propertySourceProperties = '{org.springframework.boot.test.context.SpringBootTestContextBootstrapper=true}', contextCustomizers = set[org.springframework.boot.test.autoconfigure.actuate.metrics.MetricsExportContextCustomizerFactory$DisableMetricExportContextCustomizer@4ee37ca3, org.springframework.boot.test.autoconfigure.properties.PropertyMappingContextCustomizer@0, org.springframework.boot.test.autoconfigure.web.servlet.WebDriverContextCustomizerFactory$Customizer@502f1f4c, org.springframework.boot.test.context.filter.ExcludeFilterContextCustomizer@4fbda97b, org.springframework.boot.test.json.DuplicateJsonObjectContextCustomizerFactory$DuplicateJsonObjectContextCustomizer@306851c7, org.springframework.boot.test.mock.mockito.MockitoContextCustomizer@0, org.springframework.boot.test.web.client.TestRestTemplateContextCustomizer@207ea13, org.springframework.boot.test.context.SpringBootTestArgs@1, org.springframework.boot.test.context.SpringBootTestWebEnvironment@9cb8225], contextLoader = 'org.springframework.boot.test.context.SpringBootContextLoader', parent = [null]], attributes = map['org.springframework.test.context.event.ApplicationEventsTestExecutionListener.recordApplicationEvents' -> false, 'org.springframework.boot.test.mock.mockito.MockitoTestExecutionListener.mocks' -> org.mockito.internal.configuration.InjectingAnnotationEngine$$Lambda$432/0x00000001002abc40@61d84e08]]].
02:58:59.884 [Test worker] DEBUG org.springframework.boot.ApplicationEnvironment - Activating profiles []
02:58:59.887 [Test worker] DEBUG org.springframework.test.context.support.TestPropertySourceUtils - Adding inlined properties to environment: {spring.jmx.enabled=false, org.springframework.boot.test.context.SpringBootTestContextBootstrapper=true}

  .   ____          _            __ _ _
 /\\ / ___'_ __ _ _(_)_ __  __ _ \ \ \ \
( ( )\___ | '_ | '_| | '_ \/ _` | \ \ \ \
 \\/  ___)| |_)| | | | | || (_| |  ) ) ) )
  '  |____| .__|_| |_|_| |_\__, | / / / /
 =========|_|==============|___/=/_/_/_/
 :: Spring Boot ::                (v2.6.2)

2022-01-08 02:59:00.527  INFO 37556 --- [    Test worker] c.s.S.service.StatsServiceTest           : Starting StatsServiceTest using Java 11 on IN1WXL-522461 with PID 37556 (started by srivanur in C:\repo\SnakeAndLadderApplication)
2022-01-08 02:59:00.530  INFO 37556 --- [    Test worker] c.s.S.service.StatsServiceTest           : No active profile set, falling back to default profiles: default
2022-01-08 02:59:01.780  INFO 37556 --- [    Test worker] c.s.S.service.StatsServiceTest           : Started StatsServiceTest in 1.89 seconds (JVM running for 6.767)
]]></system-out>
  <system-err><![CDATA[]]></system-err>
</testsuite>
